Use GPU: 0 for training
=> creating model 'vit_small'
DistributedDataParallel(
  (module): MoCo_ViT(
    (base_encoder): VisionTransformerMoCo(
      (patch_embed): PatchEmbed(
        (proj): Conv2d(3, 384, kernel_size=(16, 16), stride=(16, 16))
        (norm): Identity()
      )
      (pos_drop): Dropout(p=0.0, inplace=False)
      (blocks): Sequential(
        (0): Block(
          (norm1): LayerNorm((384,), eps=1e-06, elementwise_affine=True)
          (attn): Attention(
            (qkv): Linear(in_features=384, out_features=1152, bias=True)
            (attn_drop): Dropout(p=0.0, inplace=False)
            (proj): Linear(in_features=384, out_features=384, bias=True)
            (proj_drop): Dropout(p=0.0, inplace=False)
          )
          (drop_path): Identity()
          (norm2): LayerNorm((384,), eps=1e-06, elementwise_affine=True)
          (mlp): Mlp(
            (fc1): Linear(in_features=384, out_features=1536, bias=True)
            (act): GELU(approximate='none')
            (fc2): Linear(in_features=1536, out_features=384, bias=True)
            (drop): Dropout(p=0.0, inplace=False)
          )
        )
        (1): Block(
          (norm1): LayerNorm((384,), eps=1e-06, elementwise_affine=True)
          (attn): Attention(
            (qkv): Linear(in_features=384, out_features=1152, bias=True)
            (attn_drop): Dropout(p=0.0, inplace=False)
            (proj): Linear(in_features=384, out_features=384, bias=True)
            (proj_drop): Dropout(p=0.0, inplace=False)
          )
          (drop_path): Identity()
          (norm2): LayerNorm((384,), eps=1e-06, elementwise_affine=True)
          (mlp): Mlp(
            (fc1): Linear(in_features=384, out_features=1536, bias=True)
            (act): GELU(approximate='none')
            (fc2): Linear(in_features=1536, out_features=384, bias=True)
            (drop): Dropout(p=0.0, inplace=False)
          )
        )
        (2): Block(
          (norm1): LayerNorm((384,), eps=1e-06, elementwise_affine=True)
          (attn): Attention(
            (qkv): Linear(in_features=384, out_features=1152, bias=True)
            (attn_drop): Dropout(p=0.0, inplace=False)
            (proj): Linear(in_features=384, out_features=384, bias=True)
            (proj_drop): Dropout(p=0.0, inplace=False)
          )
          (drop_path): Identity()
          (norm2): LayerNorm((384,), eps=1e-06, elementwise_affine=True)
          (mlp): Mlp(
            (fc1): Linear(in_features=384, out_features=1536, bias=True)
            (act): GELU(approximate='none')
            (fc2): Linear(in_features=1536, out_features=384, bias=True)
            (drop): Dropout(p=0.0, inplace=False)
          )
        )
        (3): Block(
          (norm1): LayerNorm((384,), eps=1e-06, elementwise_affine=True)
          (attn): Attention(
            (qkv): Linear(in_features=384, out_features=1152, bias=True)
            (attn_drop): Dropout(p=0.0, inplace=False)
            (proj): Linear(in_features=384, out_features=384, bias=True)
            (proj_drop): Dropout(p=0.0, inplace=False)
          )
          (drop_path): Identity()
          (norm2): LayerNorm((384,), eps=1e-06, elementwise_affine=True)
          (mlp): Mlp(
            (fc1): Linear(in_features=384, out_features=1536, bias=True)
            (act): GELU(approximate='none')
            (fc2): Linear(in_features=1536, out_features=384, bias=True)
            (drop): Dropout(p=0.0, inplace=False)
          )
        )
        (4): Block(
          (norm1): LayerNorm((384,), eps=1e-06, elementwise_affine=True)
          (attn): Attention(
            (qkv): Linear(in_features=384, out_features=1152, bias=True)
            (attn_drop): Dropout(p=0.0, inplace=False)
            (proj): Linear(in_features=384, out_features=384, bias=True)
            (proj_drop): Dropout(p=0.0, inplace=False)
          )
          (drop_path): Identity()
          (norm2): LayerNorm((384,), eps=1e-06, elementwise_affine=True)
          (mlp): Mlp(
            (fc1): Linear(in_features=384, out_features=1536, bias=True)
            (act): GELU(approximate='none')
            (fc2): Linear(in_features=1536, out_features=384, bias=True)
            (drop): Dropout(p=0.0, inplace=False)
          )
        )
        (5): Block(
          (norm1): LayerNorm((384,), eps=1e-06, elementwise_affine=True)
          (attn): Attention(
            (qkv): Linear(in_features=384, out_features=1152, bias=True)
            (attn_drop): Dropout(p=0.0, inplace=False)
            (proj): Linear(in_features=384, out_features=384, bias=True)
            (proj_drop): Dropout(p=0.0, inplace=False)
          )
          (drop_path): Identity()
          (norm2): LayerNorm((384,), eps=1e-06, elementwise_affine=True)
          (mlp): Mlp(
            (fc1): Linear(in_features=384, out_features=1536, bias=True)
            (act): GELU(approximate='none')
            (fc2): Linear(in_features=1536, out_features=384, bias=True)
            (drop): Dropout(p=0.0, inplace=False)
          )
        )
        (6): Block(
          (norm1): LayerNorm((384,), eps=1e-06, elementwise_affine=True)
          (attn): Attention(
            (qkv): Linear(in_features=384, out_features=1152, bias=True)
            (attn_drop): Dropout(p=0.0, inplace=False)
            (proj): Linear(in_features=384, out_features=384, bias=True)
            (proj_drop): Dropout(p=0.0, inplace=False)
          )
          (drop_path): Identity()
          (norm2): LayerNorm((384,), eps=1e-06, elementwise_affine=True)
          (mlp): Mlp(
            (fc1): Linear(in_features=384, out_features=1536, bias=True)
            (act): GELU(approximate='none')
            (fc2): Linear(in_features=1536, out_features=384, bias=True)
            (drop): Dropout(p=0.0, inplace=False)
          )
        )
        (7): Block(
          (norm1): LayerNorm((384,), eps=1e-06, elementwise_affine=True)
          (attn): Attention(
            (qkv): Linear(in_features=384, out_features=1152, bias=True)
            (attn_drop): Dropout(p=0.0, inplace=False)
            (proj): Linear(in_features=384, out_features=384, bias=True)
            (proj_drop): Dropout(p=0.0, inplace=False)
          )
          (drop_path): Identity()
          (norm2): LayerNorm((384,), eps=1e-06, elementwise_affine=True)
          (mlp): Mlp(
            (fc1): Linear(in_features=384, out_features=1536, bias=True)
            (act): GELU(approximate='none')
            (fc2): Linear(in_features=1536, out_features=384, bias=True)
            (drop): Dropout(p=0.0, inplace=False)
          )
        )
        (8): Block(
          (norm1): LayerNorm((384,), eps=1e-06, elementwise_affine=True)
          (attn): Attention(
            (qkv): Linear(in_features=384, out_features=1152, bias=True)
            (attn_drop): Dropout(p=0.0, inplace=False)
            (proj): Linear(in_features=384, out_features=384, bias=True)
            (proj_drop): Dropout(p=0.0, inplace=False)
          )
          (drop_path): Identity()
          (norm2): LayerNorm((384,), eps=1e-06, elementwise_affine=True)
          (mlp): Mlp(
            (fc1): Linear(in_features=384, out_features=1536, bias=True)
            (act): GELU(approximate='none')
            (fc2): Linear(in_features=1536, out_features=384, bias=True)
            (drop): Dropout(p=0.0, inplace=False)
          )
        )
        (9): Block(
          (norm1): LayerNorm((384,), eps=1e-06, elementwise_affine=True)
          (attn): Attention(
            (qkv): Linear(in_features=384, out_features=1152, bias=True)
            (attn_drop): Dropout(p=0.0, inplace=False)
            (proj): Linear(in_features=384, out_features=384, bias=True)
            (proj_drop): Dropout(p=0.0, inplace=False)
          )
          (drop_path): Identity()
          (norm2): LayerNorm((384,), eps=1e-06, elementwise_affine=True)
          (mlp): Mlp(
            (fc1): Linear(in_features=384, out_features=1536, bias=True)
            (act): GELU(approximate='none')
            (fc2): Linear(in_features=1536, out_features=384, bias=True)
            (drop): Dropout(p=0.0, inplace=False)
          )
        )
        (10): Block(
          (norm1): LayerNorm((384,), eps=1e-06, elementwise_affine=True)
          (attn): Attention(
            (qkv): Linear(in_features=384, out_features=1152, bias=True)
            (attn_drop): Dropout(p=0.0, inplace=False)
            (proj): Linear(in_features=384, out_features=384, bias=True)
            (proj_drop): Dropout(p=0.0, inplace=False)
          )
          (drop_path): Identity()
          (norm2): LayerNorm((384,), eps=1e-06, elementwise_affine=True)
          (mlp): Mlp(
            (fc1): Linear(in_features=384, out_features=1536, bias=True)
            (act): GELU(approximate='none')
            (fc2): Linear(in_features=1536, out_features=384, bias=True)
            (drop): Dropout(p=0.0, inplace=False)
          )
        )
        (11): Block(
          (norm1): LayerNorm((384,), eps=1e-06, elementwise_affine=True)
          (attn): Attention(
            (qkv): Linear(in_features=384, out_features=1152, bias=True)
            (attn_drop): Dropout(p=0.0, inplace=False)
            (proj): Linear(in_features=384, out_features=384, bias=True)
            (proj_drop): Dropout(p=0.0, inplace=False)
          )
          (drop_path): Identity()
          (norm2): LayerNorm((384,), eps=1e-06, elementwise_affine=True)
          (mlp): Mlp(
            (fc1): Linear(in_features=384, out_features=1536, bias=True)
            (act): GELU(approximate='none')
            (fc2): Linear(in_features=1536, out_features=384, bias=True)
            (drop): Dropout(p=0.0, inplace=False)
          )
        )
      )
      (norm): LayerNorm((384,), eps=1e-06, elementwise_affine=True)
      (pre_logits): Identity()
      (head): Sequential(
        (0): Linear(in_features=384, out_features=4096, bias=False)
        (1): SyncBatchNorm(4096, eps=1e-05, momentum=0.1, affine=True, track_running_stats=True)
        (2): ReLU(inplace=True)
        (3): Linear(in_features=4096, out_features=4096, bias=False)
        (4): SyncBatchNorm(4096, eps=1e-05, momentum=0.1, affine=True, track_running_stats=True)
        (5): ReLU(inplace=True)
        (6): Linear(in_features=4096, out_features=256, bias=False)
        (7): SyncBatchNorm(256, eps=1e-05, momentum=0.1, affine=False, track_running_stats=True)
      )
    )
    (momentum_encoder): VisionTransformerMoCo(
      (patch_embed): PatchEmbed(
        (proj): Conv2d(3, 384, kernel_size=(16, 16), stride=(16, 16))
        (norm): Identity()
      )
      (pos_drop): Dropout(p=0.0, inplace=False)
      (blocks): Sequential(
        (0): Block(
          (norm1): LayerNorm((384,), eps=1e-06, elementwise_affine=True)
          (attn): Attention(
            (qkv): Linear(in_features=384, out_features=1152, bias=True)
            (attn_drop): Dropout(p=0.0, inplace=False)
            (proj): Linear(in_features=384, out_features=384, bias=True)
            (proj_drop): Dropout(p=0.0, inplace=False)
          )
          (drop_path): Identity()
          (norm2): LayerNorm((384,), eps=1e-06, elementwise_affine=True)
          (mlp): Mlp(
            (fc1): Linear(in_features=384, out_features=1536, bias=True)
            (act): GELU(approximate='none')
            (fc2): Linear(in_features=1536, out_features=384, bias=True)
            (drop): Dropout(p=0.0, inplace=False)
          )
        )
        (1): Block(
          (norm1): LayerNorm((384,), eps=1e-06, elementwise_affine=True)
          (attn): Attention(
            (qkv): Linear(in_features=384, out_features=1152, bias=True)
            (attn_drop): Dropout(p=0.0, inplace=False)
            (proj): Linear(in_features=384, out_features=384, bias=True)
            (proj_drop): Dropout(p=0.0, inplace=False)
          )
          (drop_path): Identity()
          (norm2): LayerNorm((384,), eps=1e-06, elementwise_affine=True)
          (mlp): Mlp(
            (fc1): Linear(in_features=384, out_features=1536, bias=True)
            (act): GELU(approximate='none')
            (fc2): Linear(in_features=1536, out_features=384, bias=True)
            (drop): Dropout(p=0.0, inplace=False)
          )
        )
        (2): Block(
          (norm1): LayerNorm((384,), eps=1e-06, elementwise_affine=True)
          (attn): Attention(
            (qkv): Linear(in_features=384, out_features=1152, bias=True)
            (attn_drop): Dropout(p=0.0, inplace=False)
            (proj): Linear(in_features=384, out_features=384, bias=True)
            (proj_drop): Dropout(p=0.0, inplace=False)
          )
          (drop_path): Identity()
          (norm2): LayerNorm((384,), eps=1e-06, elementwise_affine=True)
          (mlp): Mlp(
            (fc1): Linear(in_features=384, out_features=1536, bias=True)
            (act): GELU(approximate='none')
            (fc2): Linear(in_features=1536, out_features=384, bias=True)
            (drop): Dropout(p=0.0, inplace=False)
          )
        )
        (3): Block(
          (norm1): LayerNorm((384,), eps=1e-06, elementwise_affine=True)
          (attn): Attention(
            (qkv): Linear(in_features=384, out_features=1152, bias=True)
            (attn_drop): Dropout(p=0.0, inplace=False)
            (proj): Linear(in_features=384, out_features=384, bias=True)
            (proj_drop): Dropout(p=0.0, inplace=False)
          )
          (drop_path): Identity()
          (norm2): LayerNorm((384,), eps=1e-06, elementwise_affine=True)
          (mlp): Mlp(
            (fc1): Linear(in_features=384, out_features=1536, bias=True)
            (act): GELU(approximate='none')
            (fc2): Linear(in_features=1536, out_features=384, bias=True)
            (drop): Dropout(p=0.0, inplace=False)
          )
        )
        (4): Block(
          (norm1): LayerNorm((384,), eps=1e-06, elementwise_affine=True)
          (attn): Attention(
            (qkv): Linear(in_features=384, out_features=1152, bias=True)
            (attn_drop): Dropout(p=0.0, inplace=False)
            (proj): Linear(in_features=384, out_features=384, bias=True)
            (proj_drop): Dropout(p=0.0, inplace=False)
          )
          (drop_path): Identity()
          (norm2): LayerNorm((384,), eps=1e-06, elementwise_affine=True)
          (mlp): Mlp(
            (fc1): Linear(in_features=384, out_features=1536, bias=True)
            (act): GELU(approximate='none')
            (fc2): Linear(in_features=1536, out_features=384, bias=True)
            (drop): Dropout(p=0.0, inplace=False)
          )
        )
        (5): Block(
          (norm1): LayerNorm((384,), eps=1e-06, elementwise_affine=True)
          (attn): Attention(
            (qkv): Linear(in_features=384, out_features=1152, bias=True)
            (attn_drop): Dropout(p=0.0, inplace=False)
            (proj): Linear(in_features=384, out_features=384, bias=True)
            (proj_drop): Dropout(p=0.0, inplace=False)
          )
          (drop_path): Identity()
          (norm2): LayerNorm((384,), eps=1e-06, elementwise_affine=True)
          (mlp): Mlp(
            (fc1): Linear(in_features=384, out_features=1536, bias=True)
            (act): GELU(approximate='none')
            (fc2): Linear(in_features=1536, out_features=384, bias=True)
            (drop): Dropout(p=0.0, inplace=False)
          )
        )
        (6): Block(
          (norm1): LayerNorm((384,), eps=1e-06, elementwise_affine=True)
          (attn): Attention(
            (qkv): Linear(in_features=384, out_features=1152, bias=True)
            (attn_drop): Dropout(p=0.0, inplace=False)
            (proj): Linear(in_features=384, out_features=384, bias=True)
            (proj_drop): Dropout(p=0.0, inplace=False)
          )
          (drop_path): Identity()
          (norm2): LayerNorm((384,), eps=1e-06, elementwise_affine=True)
          (mlp): Mlp(
            (fc1): Linear(in_features=384, out_features=1536, bias=True)
            (act): GELU(approximate='none')
            (fc2): Linear(in_features=1536, out_features=384, bias=True)
            (drop): Dropout(p=0.0, inplace=False)
          )
        )
        (7): Block(
          (norm1): LayerNorm((384,), eps=1e-06, elementwise_affine=True)
          (attn): Attention(
            (qkv): Linear(in_features=384, out_features=1152, bias=True)
            (attn_drop): Dropout(p=0.0, inplace=False)
            (proj): Linear(in_features=384, out_features=384, bias=True)
            (proj_drop): Dropout(p=0.0, inplace=False)
          )
          (drop_path): Identity()
          (norm2): LayerNorm((384,), eps=1e-06, elementwise_affine=True)
          (mlp): Mlp(
            (fc1): Linear(in_features=384, out_features=1536, bias=True)
            (act): GELU(approximate='none')
            (fc2): Linear(in_features=1536, out_features=384, bias=True)
            (drop): Dropout(p=0.0, inplace=False)
          )
        )
        (8): Block(
          (norm1): LayerNorm((384,), eps=1e-06, elementwise_affine=True)
          (attn): Attention(
            (qkv): Linear(in_features=384, out_features=1152, bias=True)
            (attn_drop): Dropout(p=0.0, inplace=False)
            (proj): Linear(in_features=384, out_features=384, bias=True)
            (proj_drop): Dropout(p=0.0, inplace=False)
          )
          (drop_path): Identity()
          (norm2): LayerNorm((384,), eps=1e-06, elementwise_affine=True)
          (mlp): Mlp(
            (fc1): Linear(in_features=384, out_features=1536, bias=True)
            (act): GELU(approximate='none')
            (fc2): Linear(in_features=1536, out_features=384, bias=True)
            (drop): Dropout(p=0.0, inplace=False)
          )
        )
        (9): Block(
          (norm1): LayerNorm((384,), eps=1e-06, elementwise_affine=True)
          (attn): Attention(
            (qkv): Linear(in_features=384, out_features=1152, bias=True)
            (attn_drop): Dropout(p=0.0, inplace=False)
            (proj): Linear(in_features=384, out_features=384, bias=True)
            (proj_drop): Dropout(p=0.0, inplace=False)
          )
          (drop_path): Identity()
          (norm2): LayerNorm((384,), eps=1e-06, elementwise_affine=True)
          (mlp): Mlp(
            (fc1): Linear(in_features=384, out_features=1536, bias=True)
            (act): GELU(approximate='none')
            (fc2): Linear(in_features=1536, out_features=384, bias=True)
            (drop): Dropout(p=0.0, inplace=False)
          )
        )
        (10): Block(
          (norm1): LayerNorm((384,), eps=1e-06, elementwise_affine=True)
          (attn): Attention(
            (qkv): Linear(in_features=384, out_features=1152, bias=True)
            (attn_drop): Dropout(p=0.0, inplace=False)
            (proj): Linear(in_features=384, out_features=384, bias=True)
            (proj_drop): Dropout(p=0.0, inplace=False)
          )
          (drop_path): Identity()
          (norm2): LayerNorm((384,), eps=1e-06, elementwise_affine=True)
          (mlp): Mlp(
            (fc1): Linear(in_features=384, out_features=1536, bias=True)
            (act): GELU(approximate='none')
            (fc2): Linear(in_features=1536, out_features=384, bias=True)
            (drop): Dropout(p=0.0, inplace=False)
          )
        )
        (11): Block(
          (norm1): LayerNorm((384,), eps=1e-06, elementwise_affine=True)
          (attn): Attention(
            (qkv): Linear(in_features=384, out_features=1152, bias=True)
            (attn_drop): Dropout(p=0.0, inplace=False)
            (proj): Linear(in_features=384, out_features=384, bias=True)
            (proj_drop): Dropout(p=0.0, inplace=False)
          )
          (drop_path): Identity()
          (norm2): LayerNorm((384,), eps=1e-06, elementwise_affine=True)
          (mlp): Mlp(
            (fc1): Linear(in_features=384, out_features=1536, bias=True)
            (act): GELU(approximate='none')
            (fc2): Linear(in_features=1536, out_features=384, bias=True)
            (drop): Dropout(p=0.0, inplace=False)
          )
        )
      )
      (norm): LayerNorm((384,), eps=1e-06, elementwise_affine=True)
      (pre_logits): Identity()
      (head): Sequential(
        (0): Linear(in_features=384, out_features=4096, bias=False)
        (1): SyncBatchNorm(4096, eps=1e-05, momentum=0.1, affine=True, track_running_stats=True)
        (2): ReLU(inplace=True)
        (3): Linear(in_features=4096, out_features=4096, bias=False)
        (4): SyncBatchNorm(4096, eps=1e-05, momentum=0.1, affine=True, track_running_stats=True)
        (5): ReLU(inplace=True)
        (6): Linear(in_features=4096, out_features=256, bias=False)
        (7): SyncBatchNorm(256, eps=1e-05, momentum=0.1, affine=False, track_running_stats=True)
      )
    )
    (predictor): Sequential(
      (0): Linear(in_features=256, out_features=4096, bias=False)
      (1): SyncBatchNorm(4096, eps=1e-05, momentum=0.1, affine=True, track_running_stats=True)
      (2): ReLU(inplace=True)
      (3): Linear(in_features=4096, out_features=256, bias=False)
      (4): SyncBatchNorm(256, eps=1e-05, momentum=0.1, affine=False, track_running_stats=True)
    )
  )
)
Loaded 1000000 images out of 1000000 requested.
len(train_loader) 976
Epoch: [0][  0/976]	Time 91.822 (91.822)	Data 87.093 (87.093)	LR 0.0000e+00 (0.0000e+00)	Loss 5.5860e+00 (5.5860e+00)
Epoch: [0][ 10/976]	Time  0.337 (11.730)	Data  0.000 (10.073)	LR 1.5369e-07 (7.6844e-08)	Loss 5.5969e+00 (5.5815e+00)
Epoch: [0][ 20/976]	Time 10.205 ( 7.915)	Data  5.090 ( 6.142)	LR 3.0738e-07 (1.5369e-07)	Loss 5.5707e+00 (5.5833e+00)
Epoch: [0][ 30/976]	Time  0.428 ( 6.117)	Data  0.000 ( 4.485)	LR 4.6107e-07 (2.3053e-07)	Loss 5.5754e+00 (5.5853e+00)
Epoch: [0][ 40/976]	Time  9.310 ( 5.398)	Data  4.251 ( 3.716)	LR 6.1475e-07 (3.0738e-07)	Loss 5.5821e+00 (5.5839e+00)
Epoch: [0][ 50/976]	Time  0.420 ( 4.775)	Data  0.000 ( 3.147)	LR 7.6844e-07 (3.8422e-07)	Loss 5.5771e+00 (5.5814e+00)
Epoch: [0][ 60/976]	Time  8.309 ( 4.481)	Data  3.147 ( 2.788)	LR 9.2213e-07 (4.6107e-07)	Loss 5.5772e+00 (5.5802e+00)
Epoch: [0][ 70/976]	Time  0.439 ( 4.153)	Data  0.000 ( 2.497)	LR 1.0758e-06 (5.3791e-07)	Loss 5.5317e+00 (5.5785e+00)
Epoch: [0][ 80/976]	Time  8.141 ( 3.978)	Data  5.351 ( 2.352)	LR 1.2295e-06 (6.1475e-07)	Loss 5.5625e+00 (5.5764e+00)
Epoch: [0][ 90/976]	Time  0.427 ( 3.763)	Data  0.001 ( 2.223)	LR 1.3832e-06 (6.9160e-07)	Loss 5.5801e+00 (5.5753e+00)
Epoch: [0][100/976]	Time  7.662 ( 3.654)	Data  5.754 ( 2.172)	LR 1.5369e-06 (7.6844e-07)	Loss 5.5826e+00 (5.5744e+00)
Epoch: [0][110/976]	Time  0.415 ( 3.496)	Data  0.000 ( 2.088)	LR 1.6906e-06 (8.4529e-07)	Loss 5.5916e+00 (5.5741e+00)
Epoch: [0][120/976]	Time  7.933 ( 3.422)	Data  5.854 ( 2.057)	LR 1.8443e-06 (9.2213e-07)	Loss 5.5570e+00 (5.5728e+00)
Epoch: [0][130/976]	Time  0.422 ( 3.300)	Data  0.000 ( 1.991)	LR 1.9980e-06 (9.9898e-07)	Loss 5.5734e+00 (5.5727e+00)
Epoch: [0][140/976]	Time  7.071 ( 3.241)	Data  5.420 ( 1.966)	LR 2.1516e-06 (1.0758e-06)	Loss 5.5869e+00 (5.5719e+00)
Epoch: [0][150/976]	Time  0.417 ( 3.139)	Data  0.000 ( 1.907)	LR 2.3053e-06 (1.1527e-06)	Loss 5.5628e+00 (5.5713e+00)
Epoch: [0][160/976]	Time  6.729 ( 3.091)	Data  5.291 ( 1.887)	LR 2.4590e-06 (1.2295e-06)	Loss 5.5589e+00 (5.5706e+00)
Epoch: [0][170/976]	Time  0.402 ( 3.007)	Data  0.013 ( 1.845)	LR 2.6127e-06 (1.3064e-06)	Loss 5.5706e+00 (5.5698e+00)
Epoch: [0][180/976]	Time  6.720 ( 2.968)	Data  6.369 ( 1.848)	LR 2.7664e-06 (1.3832e-06)	Loss 5.5392e+00 (5.5691e+00)
Epoch: [0][190/976]	Time  0.969 ( 2.903)	Data  0.001 ( 1.810)	LR 2.9201e-06 (1.4600e-06)	Loss 5.5220e+00 (5.5682e+00)
Epoch: [0][200/976]	Time  5.955 ( 2.867)	Data  5.592 ( 1.801)	LR 3.0738e-06 (1.5369e-06)	Loss 5.5483e+00 (5.5669e+00)
Epoch: [0][210/976]	Time  0.489 ( 2.809)	Data  0.000 ( 1.772)	LR 3.2275e-06 (1.6137e-06)	Loss 5.5375e+00 (5.5661e+00)
Epoch: [0][220/976]	Time  5.679 ( 2.779)	Data  5.281 ( 1.770)	LR 3.3811e-06 (1.6906e-06)	Loss 5.5480e+00 (5.5654e+00)
Epoch: [0][230/976]	Time  0.416 ( 2.725)	Data  0.001 ( 1.741)	LR 3.5348e-06 (1.7674e-06)	Loss 5.5366e+00 (5.5647e+00)
Epoch: [0][240/976]	Time  5.682 ( 2.698)	Data  5.335 ( 1.738)	LR 3.6885e-06 (1.8443e-06)	Loss 5.5211e+00 (5.5637e+00)
Epoch: [0][250/976]	Time  0.440 ( 2.653)	Data  0.000 ( 1.714)	LR 3.8422e-06 (1.9211e-06)	Loss 5.5550e+00 (5.5629e+00)
Epoch: [0][260/976]	Time  5.381 ( 2.628)	Data  5.018 ( 1.709)	LR 3.9959e-06 (1.9980e-06)	Loss 5.5258e+00 (5.5620e+00)
Epoch: [0][270/976]	Time  0.849 ( 2.585)	Data  0.000 ( 1.682)	LR 4.1496e-06 (2.0748e-06)	Loss 5.5591e+00 (5.5612e+00)
Epoch: [0][280/976]	Time  5.066 ( 2.562)	Data  4.695 ( 1.673)	LR 4.3033e-06 (2.1516e-06)	Loss 5.5551e+00 (5.5606e+00)
Epoch: [0][290/976]	Time  0.622 ( 2.526)	Data  0.000 ( 1.651)	LR 4.4570e-06 (2.2285e-06)	Loss 5.5416e+00 (5.5599e+00)
Epoch: [0][300/976]	Time  4.498 ( 2.505)	Data  4.138 ( 1.640)	LR 4.6107e-06 (2.3053e-06)	Loss 5.5282e+00 (5.5589e+00)
Epoch: [0][310/976]	Time  1.552 ( 2.474)	Data  0.001 ( 1.613)	LR 4.7643e-06 (2.3822e-06)	Loss 5.5356e+00 (5.5578e+00)
Epoch: [0][320/976]	Time  3.357 ( 2.452)	Data  2.992 ( 1.593)	LR 4.9180e-06 (2.4590e-06)	Loss 5.5060e+00 (5.5567e+00)
Epoch: [0][330/976]	Time  2.989 ( 2.429)	Data  0.000 ( 1.563)	LR 5.0717e-06 (2.5359e-06)	Loss 5.5175e+00 (5.5559e+00)
Epoch: [0][340/976]	Time  2.488 ( 2.406)	Data  2.127 ( 1.537)	LR 5.2254e-06 (2.6127e-06)	Loss 5.5344e+00 (5.5550e+00)
Epoch: [0][350/976]	Time  3.142 ( 2.385)	Data  0.000 ( 1.504)	LR 5.3791e-06 (2.6895e-06)	Loss 5.5320e+00 (5.5540e+00)
Epoch: [0][360/976]	Time  1.828 ( 2.363)	Data  1.496 ( 1.477)	LR 5.5328e-06 (2.7664e-06)	Loss 5.4947e+00 (5.5530e+00)
Epoch: [0][370/976]	Time  4.010 ( 2.346)	Data  0.023 ( 1.443)	LR 5.6865e-06 (2.8432e-06)	Loss 5.5131e+00 (5.5520e+00)
Epoch: [0][380/976]	Time  0.397 ( 2.323)	Data  0.000 ( 1.409)	LR 5.8402e-06 (2.9201e-06)	Loss 5.5539e+00 (5.5510e+00)
Epoch: [0][390/976]	Time  3.901 ( 2.311)	Data  0.000 ( 1.373)	LR 5.9939e-06 (2.9969e-06)	Loss 5.4869e+00 (5.5498e+00)
Epoch: [0][400/976]	Time  0.427 ( 2.287)	Data  0.000 ( 1.338)	LR 6.1475e-06 (3.0738e-06)	Loss 5.5132e+00 (5.5487e+00)
Epoch: [0][410/976]	Time  2.992 ( 2.275)	Data  0.001 ( 1.306)	LR 6.3012e-06 (3.1506e-06)	Loss 5.5138e+00 (5.5477e+00)
Epoch: [0][420/976]	Time  0.571 ( 2.253)	Data  0.000 ( 1.275)	LR 6.4549e-06 (3.2275e-06)	Loss 5.5053e+00 (5.5466e+00)
Epoch: [0][430/976]	Time  3.026 ( 2.243)	Data  0.000 ( 1.246)	LR 6.6086e-06 (3.3043e-06)	Loss 5.5167e+00 (5.5452e+00)
Epoch: [0][440/976]	Time  0.430 ( 2.223)	Data  0.000 ( 1.217)	LR 6.7623e-06 (3.3811e-06)	Loss 5.4804e+00 (5.5441e+00)
Epoch: [0][450/976]	Time  2.358 ( 2.213)	Data  0.000 ( 1.190)	LR 6.9160e-06 (3.4580e-06)	Loss 5.4849e+00 (5.5433e+00)
Epoch: [0][460/976]	Time  0.746 ( 2.195)	Data  0.000 ( 1.165)	LR 7.0697e-06 (3.5348e-06)	Loss 5.5371e+00 (5.5426e+00)
Epoch: [0][470/976]	Time  1.456 ( 2.185)	Data  0.000 ( 1.140)	LR 7.2234e-06 (3.6117e-06)	Loss 5.5131e+00 (5.5416e+00)
Epoch: [0][480/976]	Time  1.252 ( 2.168)	Data  0.583 ( 1.118)	LR 7.3770e-06 (3.6885e-06)	Loss 5.4404e+00 (5.5403e+00)
Epoch: [0][490/976]	Time  1.463 ( 2.159)	Data  0.000 ( 1.098)	LR 7.5307e-06 (3.7654e-06)	Loss 5.4593e+00 (5.5395e+00)
Epoch: [0][500/976]	Time  1.305 ( 2.144)	Data  0.466 ( 1.078)	LR 7.6844e-06 (3.8422e-06)	Loss 5.4430e+00 (5.5382e+00)
Epoch: [0][510/976]	Time  1.190 ( 2.135)	Data  0.017 ( 1.060)	LR 7.8381e-06 (3.9191e-06)	Loss 5.4945e+00 (5.5371e+00)
Epoch: [0][520/976]	Time  1.305 ( 2.121)	Data  0.971 ( 1.045)	LR 7.9918e-06 (3.9959e-06)	Loss 5.4608e+00 (5.5356e+00)
Epoch: [0][530/976]	Time  1.176 ( 2.113)	Data  0.000 ( 1.029)	LR 8.1455e-06 (4.0727e-06)	Loss 5.4937e+00 (5.5345e+00)
Epoch: [0][540/976]	Time  1.690 ( 2.100)	Data  0.927 ( 1.014)	LR 8.2992e-06 (4.1496e-06)	Loss 5.4907e+00 (5.5336e+00)
Epoch: [0][550/976]	Time  0.694 ( 2.091)	Data  0.011 ( 1.000)	LR 8.4529e-06 (4.2264e-06)	Loss 5.4502e+00 (5.5326e+00)
Epoch: [0][560/976]	Time  1.538 ( 2.080)	Data  1.016 ( 0.989)	LR 8.6066e-06 (4.3033e-06)	Loss 5.4994e+00 (5.5318e+00)
Epoch: [0][570/976]	Time  0.439 ( 2.072)	Data  0.024 ( 0.975)	LR 8.7602e-06 (4.3801e-06)	Loss 5.4630e+00 (5.5304e+00)
Epoch: [0][580/976]	Time  1.584 ( 2.062)	Data  0.123 ( 0.960)	LR 8.9139e-06 (4.4570e-06)	Loss 5.4954e+00 (5.5291e+00)
Epoch: [0][590/976]	Time  0.418 ( 2.055)	Data  0.000 ( 0.944)	LR 9.0676e-06 (4.5338e-06)	Loss 5.4860e+00 (5.5279e+00)
Epoch: [0][600/976]	Time  1.258 ( 2.044)	Data  0.084 ( 0.929)	LR 9.2213e-06 (4.6107e-06)	Loss 5.4824e+00 (5.5268e+00)
Epoch: [0][610/976]	Time  0.432 ( 2.038)	Data  0.000 ( 0.914)	LR 9.3750e-06 (4.6875e-06)	Loss 5.4645e+00 (5.5260e+00)
Epoch: [0][620/976]	Time  0.933 ( 2.028)	Data  0.106 ( 0.900)	LR 9.5287e-06 (4.7643e-06)	Loss 5.4513e+00 (5.5247e+00)
Epoch: [0][630/976]	Time  0.431 ( 2.023)	Data  0.000 ( 0.886)	LR 9.6824e-06 (4.8412e-06)	Loss 5.5170e+00 (5.5237e+00)
Epoch: [0][640/976]	Time  0.423 ( 2.013)	Data  0.000 ( 0.872)	LR 9.8361e-06 (4.9180e-06)	Loss 5.4689e+00 (5.5229e+00)
Epoch: [0][650/976]	Time  0.431 ( 2.009)	Data  0.000 ( 0.859)	LR 9.9898e-06 (4.9949e-06)	Loss 5.4769e+00 (5.5218e+00)
Epoch: [0][660/976]	Time  0.419 ( 1.998)	Data  0.000 ( 0.846)	LR 1.0143e-05 (5.0717e-06)	Loss 5.4440e+00 (5.5207e+00)
Epoch: [0][670/976]	Time  0.403 ( 1.995)	Data  0.001 ( 0.835)	LR 1.0297e-05 (5.1486e-06)	Loss 5.4387e+00 (5.5194e+00)
Epoch: [0][680/976]	Time  0.810 ( 1.985)	Data  0.460 ( 0.825)	LR 1.0451e-05 (5.2254e-06)	Loss 5.4017e+00 (5.5181e+00)
Epoch: [0][690/976]	Time  0.410 ( 1.981)	Data  0.008 ( 0.814)	LR 1.0605e-05 (5.3023e-06)	Loss 5.3684e+00 (5.5168e+00)
Epoch: [0][700/976]	Time  0.971 ( 1.972)	Data  0.634 ( 0.806)	LR 1.0758e-05 (5.3791e-06)	Loss 5.4641e+00 (5.5154e+00)
Epoch: [0][710/976]	Time  0.445 ( 1.968)	Data  0.000 ( 0.796)	LR 1.0912e-05 (5.4559e-06)	Loss 5.5350e+00 (5.5142e+00)
Epoch: [0][720/976]	Time  0.881 ( 1.959)	Data  0.545 ( 0.788)	LR 1.1066e-05 (5.5328e-06)	Loss 5.4238e+00 (5.5131e+00)
Epoch: [0][730/976]	Time  0.427 ( 1.956)	Data  0.000 ( 0.779)	LR 1.1219e-05 (5.6096e-06)	Loss 5.3970e+00 (5.5115e+00)
Epoch: [0][740/976]	Time  0.845 ( 1.948)	Data  0.513 ( 0.771)	LR 1.1373e-05 (5.6865e-06)	Loss 5.4512e+00 (5.5103e+00)
Epoch: [0][750/976]	Time  0.414 ( 1.945)	Data  0.000 ( 0.761)	LR 1.1527e-05 (5.7633e-06)	Loss 5.3713e+00 (5.5090e+00)
Epoch: [0][760/976]	Time  0.416 ( 1.937)	Data  0.000 ( 0.751)	LR 1.1680e-05 (5.8402e-06)	Loss 5.4358e+00 (5.5077e+00)
Epoch: [0][770/976]	Time  0.426 ( 1.934)	Data  0.000 ( 0.743)	LR 1.1834e-05 (5.9170e-06)	Loss 5.3735e+00 (5.5063e+00)
Epoch: [0][780/976]	Time  1.715 ( 1.928)	Data  1.381 ( 0.738)	LR 1.1988e-05 (5.9939e-06)	Loss 5.3719e+00 (5.5049e+00)
Epoch: [0][790/976]	Time  0.421 ( 1.924)	Data  0.000 ( 0.733)	LR 1.2141e-05 (6.0707e-06)	Loss 5.3731e+00 (5.5033e+00)
Epoch: [0][800/976]	Time  1.519 ( 1.918)	Data  1.189 ( 0.729)	LR 1.2295e-05 (6.1475e-06)	Loss 5.4030e+00 (5.5020e+00)
Epoch: [0][810/976]	Time  0.421 ( 1.915)	Data  0.000 ( 0.723)	LR 1.2449e-05 (6.2244e-06)	Loss 5.4116e+00 (5.5007e+00)
Epoch: [0][820/976]	Time  2.075 ( 1.909)	Data  1.730 ( 0.720)	LR 1.2602e-05 (6.3012e-06)	Loss 5.4234e+00 (5.4992e+00)
Epoch: [0][830/976]	Time  0.421 ( 1.905)	Data  0.000 ( 0.716)	LR 1.2756e-05 (6.3781e-06)	Loss 5.3952e+00 (5.4979e+00)
Epoch: [0][840/976]	Time  2.130 ( 1.900)	Data  1.782 ( 0.714)	LR 1.2910e-05 (6.4549e-06)	Loss 5.3620e+00 (5.4965e+00)
Epoch: [0][850/976]	Time  0.425 ( 1.896)	Data  0.000 ( 0.710)	LR 1.3064e-05 (6.5318e-06)	Loss 5.3647e+00 (5.4948e+00)
Epoch: [0][860/976]	Time  2.633 ( 1.892)	Data  2.275 ( 0.710)	LR 1.3217e-05 (6.6086e-06)	Loss 5.4430e+00 (5.4934e+00)
Epoch: [0][870/976]	Time  0.416 ( 1.888)	Data  0.000 ( 0.708)	LR 1.3371e-05 (6.6855e-06)	Loss 5.3853e+00 (5.4920e+00)
Epoch: [0][880/976]	Time  3.184 ( 1.884)	Data  2.824 ( 0.709)	LR 1.3525e-05 (6.7623e-06)	Loss 5.4758e+00 (5.4904e+00)
Epoch: [0][890/976]	Time  0.424 ( 1.879)	Data  0.000 ( 0.708)	LR 1.3678e-05 (6.8391e-06)	Loss 5.3011e+00 (5.4890e+00)
Epoch: [0][900/976]	Time  3.146 ( 1.876)	Data  2.785 ( 0.710)	LR 1.3832e-05 (6.9160e-06)	Loss 5.3219e+00 (5.4876e+00)
Epoch: [0][910/976]	Time  0.419 ( 1.872)	Data  0.000 ( 0.708)	LR 1.3986e-05 (6.9928e-06)	Loss 5.3413e+00 (5.4863e+00)
Epoch: [0][920/976]	Time  2.731 ( 1.869)	Data  2.308 ( 0.709)	LR 1.4139e-05 (7.0697e-06)	Loss 5.3309e+00 (5.4847e+00)
Epoch: [0][930/976]	Time  0.423 ( 1.865)	Data  0.000 ( 0.706)	LR 1.4293e-05 (7.1465e-06)	Loss 5.2964e+00 (5.4830e+00)
Epoch: [0][940/976]	Time  3.220 ( 1.863)	Data  2.862 ( 0.706)	LR 1.4447e-05 (7.2234e-06)	Loss 5.3609e+00 (5.4813e+00)
Epoch: [0][950/976]	Time  0.731 ( 1.857)	Data  0.000 ( 0.704)	LR 1.4600e-05 (7.3002e-06)	Loss 5.3673e+00 (5.4799e+00)
Epoch: [0][960/976]	Time  3.522 ( 1.856)	Data  2.861 ( 0.706)	LR 1.4754e-05 (7.3770e-06)	Loss 5.3267e+00 (5.4785e+00)
Epoch: [0][970/976]	Time  0.525 ( 1.850)	Data  0.000 ( 0.705)	LR 1.4908e-05 (7.4539e-06)	Loss 5.2540e+00 (5.4768e+00)
len(train_loader) 976
Epoch: [1][  0/976]	Time 20.295 (20.295)	Data 19.917 (19.917)	LR 1.5000e-05 (1.5000e-05)	Loss 5.3395e+00 (5.3395e+00)
Epoch: [1][ 10/976]	Time  0.419 ( 3.018)	Data  0.000 ( 2.585)	LR 1.5154e-05 (1.5077e-05)	Loss 5.2592e+00 (5.3084e+00)
Epoch: [1][ 20/976]	Time  4.751 ( 2.386)	Data  4.247 ( 1.933)	LR 1.5307e-05 (1.5154e-05)	Loss 5.2582e+00 (5.2952e+00)
Epoch: [1][ 30/976]	Time  0.422 ( 2.036)	Data  0.000 ( 1.573)	LR 1.5461e-05 (1.5231e-05)	Loss 5.3616e+00 (5.3090e+00)
Epoch: [1][ 40/976]	Time  4.636 ( 1.951)	Data  4.281 ( 1.493)	LR 1.5615e-05 (1.5307e-05)	Loss 5.3728e+00 (5.3080e+00)
Epoch: [1][ 50/976]	Time  0.451 ( 1.822)	Data  0.000 ( 1.374)	LR 1.5768e-05 (1.5384e-05)	Loss 5.3036e+00 (5.3058e+00)
Epoch: [1][ 60/976]	Time  4.891 ( 1.804)	Data  4.115 ( 1.352)	LR 1.5922e-05 (1.5461e-05)	Loss 5.3015e+00 (5.3008e+00)
Epoch: [1][ 70/976]	Time  0.417 ( 1.732)	Data  0.001 ( 1.268)	LR 1.6076e-05 (1.5538e-05)	Loss 5.2695e+00 (5.2958e+00)
Epoch: [1][ 80/976]	Time  4.642 ( 1.731)	Data  2.864 ( 1.230)	LR 1.6230e-05 (1.5615e-05)	Loss 5.1998e+00 (5.2908e+00)
Epoch: [1][ 90/976]	Time  0.558 ( 1.683)	Data  0.000 ( 1.158)	LR 1.6383e-05 (1.5692e-05)	Loss 5.3262e+00 (5.2906e+00)
Epoch: [1][100/976]	Time  4.570 ( 1.683)	Data  2.601 ( 1.124)	LR 1.6537e-05 (1.5768e-05)	Loss 5.2944e+00 (5.2892e+00)
Epoch: [1][110/976]	Time  1.030 ( 1.651)	Data  0.000 ( 1.070)	LR 1.6691e-05 (1.5845e-05)	Loss 5.2278e+00 (5.2880e+00)
Epoch: [1][120/976]	Time  3.470 ( 1.650)	Data  1.761 ( 1.032)	LR 1.6844e-05 (1.5922e-05)	Loss 5.3008e+00 (5.2860e+00)
Epoch: [1][130/976]	Time  1.630 ( 1.635)	Data  0.002 ( 0.979)	LR 1.6998e-05 (1.5999e-05)	Loss 5.2560e+00 (5.2835e+00)
Epoch: [1][140/976]	Time  3.294 ( 1.632)	Data  1.407 ( 0.944)	LR 1.7152e-05 (1.6076e-05)	Loss 5.3431e+00 (5.2814e+00)
Epoch: [1][150/976]	Time  1.893 ( 1.618)	Data  0.000 ( 0.899)	LR 1.7305e-05 (1.6153e-05)	Loss 5.2319e+00 (5.2787e+00)
Epoch: [1][160/976]	Time  3.289 ( 1.614)	Data  1.958 ( 0.876)	LR 1.7459e-05 (1.6230e-05)	Loss 5.2412e+00 (5.2772e+00)
Epoch: [1][170/976]	Time  1.986 ( 1.605)	Data  0.001 ( 0.844)	LR 1.7613e-05 (1.6306e-05)	Loss 5.2272e+00 (5.2759e+00)
Epoch: [1][180/976]	Time  1.851 ( 1.598)	Data  0.769 ( 0.814)	LR 1.7766e-05 (1.6383e-05)	Loss 5.2302e+00 (5.2742e+00)
Epoch: [1][190/976]	Time  2.680 ( 1.596)	Data  0.000 ( 0.782)	LR 1.7920e-05 (1.6460e-05)	Loss 5.1734e+00 (5.2703e+00)
Epoch: [1][200/976]	Time  1.850 ( 1.587)	Data  1.518 ( 0.764)	LR 1.8074e-05 (1.6537e-05)	Loss 5.1304e+00 (5.2664e+00)
Epoch: [1][210/976]	Time  2.981 ( 1.587)	Data  0.000 ( 0.742)	LR 1.8227e-05 (1.6614e-05)	Loss 5.2508e+00 (5.2646e+00)
Epoch: [1][220/976]	Time  1.518 ( 1.579)	Data  1.099 ( 0.726)	LR 1.8381e-05 (1.6691e-05)	Loss 5.2185e+00 (5.2627e+00)
Epoch: [1][230/976]	Time  2.584 ( 1.580)	Data  0.000 ( 0.703)	LR 1.8535e-05 (1.6767e-05)	Loss 5.2271e+00 (5.2612e+00)
Epoch: [1][240/976]	Time  1.925 ( 1.573)	Data  0.647 ( 0.683)	LR 1.8689e-05 (1.6844e-05)	Loss 5.1912e+00 (5.2590e+00)
Epoch: [1][250/976]	Time  2.199 ( 1.572)	Data  0.001 ( 0.662)	LR 1.8842e-05 (1.6921e-05)	Loss 5.2213e+00 (5.2570e+00)
Epoch: [1][260/976]	Time  2.401 ( 1.569)	Data  0.779 ( 0.646)	LR 1.8996e-05 (1.6998e-05)	Loss 5.1063e+00 (5.2548e+00)
Epoch: [1][270/976]	Time  2.828 ( 1.567)	Data  0.000 ( 0.630)	LR 1.9150e-05 (1.7075e-05)	Loss 5.0917e+00 (5.2520e+00)
Epoch: [1][280/976]	Time  1.561 ( 1.563)	Data  0.500 ( 0.614)	LR 1.9303e-05 (1.7152e-05)	Loss 5.1911e+00 (5.2496e+00)
Epoch: [1][290/976]	Time  2.870 ( 1.564)	Data  0.000 ( 0.599)	LR 1.9457e-05 (1.7228e-05)	Loss 5.1895e+00 (5.2474e+00)
Epoch: [1][300/976]	Time  2.238 ( 1.560)	Data  1.682 ( 0.594)	LR 1.9611e-05 (1.7305e-05)	Loss 5.2151e+00 (5.2455e+00)
Epoch: [1][310/976]	Time  2.045 ( 1.558)	Data  0.000 ( 0.588)	LR 1.9764e-05 (1.7382e-05)	Loss 5.1627e+00 (5.2428e+00)
Epoch: [1][320/976]	Time  2.238 ( 1.555)	Data  1.867 ( 0.588)	LR 1.9918e-05 (1.7459e-05)	Loss 5.1588e+00 (5.2410e+00)
Epoch: [1][330/976]	Time  2.887 ( 1.557)	Data  0.003 ( 0.577)	LR 2.0072e-05 (1.7536e-05)	Loss 5.2191e+00 (5.2387e+00)
Epoch: [1][340/976]	Time  0.425 ( 1.552)	Data  0.001 ( 0.565)	LR 2.0225e-05 (1.7613e-05)	Loss 5.1518e+00 (5.2363e+00)
Epoch: [1][350/976]	Time  3.606 ( 1.556)	Data  0.001 ( 0.549)	LR 2.0379e-05 (1.7690e-05)	Loss 5.1717e+00 (5.2341e+00)
Epoch: [1][360/976]	Time  1.199 ( 1.553)	Data  0.866 ( 0.541)	LR 2.0533e-05 (1.7766e-05)	Loss 5.0789e+00 (5.2316e+00)
Epoch: [1][370/976]	Time  4.646 ( 1.558)	Data  0.000 ( 0.530)	LR 2.0686e-05 (1.7843e-05)	Loss 5.1452e+00 (5.2289e+00)
Epoch: [1][380/976]	Time  0.768 ( 1.551)	Data  0.424 ( 0.518)	LR 2.0840e-05 (1.7920e-05)	Loss 5.1062e+00 (5.2269e+00)
Epoch: [1][390/976]	Time  4.313 ( 1.554)	Data  0.000 ( 0.507)	LR 2.0994e-05 (1.7997e-05)	Loss 5.0977e+00 (5.2250e+00)
Epoch: [1][400/976]	Time  0.852 ( 1.548)	Data  0.501 ( 0.499)	LR 2.1148e-05 (1.8074e-05)	Loss 5.0819e+00 (5.2226e+00)
Epoch: [1][410/976]	Time  4.429 ( 1.551)	Data  0.001 ( 0.489)	LR 2.1301e-05 (1.8151e-05)	Loss 5.1528e+00 (5.2207e+00)
Epoch: [1][420/976]	Time  0.824 ( 1.546)	Data  0.494 ( 0.480)	LR 2.1455e-05 (1.8227e-05)	Loss 5.1099e+00 (5.2180e+00)
Epoch: [1][430/976]	Time  4.578 ( 1.549)	Data  0.003 ( 0.471)	LR 2.1609e-05 (1.8304e-05)	Loss 5.0071e+00 (5.2148e+00)
Epoch: [1][440/976]	Time  1.089 ( 1.544)	Data  0.740 ( 0.464)	LR 2.1762e-05 (1.8381e-05)	Loss 5.1880e+00 (5.2129e+00)
Epoch: [1][450/976]	Time  3.868 ( 1.546)	Data  0.000 ( 0.458)	LR 2.1916e-05 (1.8458e-05)	Loss 5.1618e+00 (5.2097e+00)
Epoch: [1][460/976]	Time  1.264 ( 1.542)	Data  0.922 ( 0.454)	LR 2.2070e-05 (1.8535e-05)	Loss 5.0497e+00 (5.2064e+00)
Epoch: [1][470/976]	Time  4.064 ( 1.544)	Data  0.000 ( 0.449)	LR 2.2223e-05 (1.8612e-05)	Loss 5.1117e+00 (5.2037e+00)
Epoch: [1][480/976]	Time  0.818 ( 1.540)	Data  0.485 ( 0.443)	LR 2.2377e-05 (1.8689e-05)	Loss 5.1122e+00 (5.2011e+00)
Epoch: [1][490/976]	Time  4.011 ( 1.543)	Data  0.000 ( 0.436)	LR 2.2531e-05 (1.8765e-05)	Loss 5.0159e+00 (5.1985e+00)
Epoch: [1][500/976]	Time  1.605 ( 1.540)	Data  1.268 ( 0.434)	LR 2.2684e-05 (1.8842e-05)	Loss 4.9822e+00 (5.1952e+00)
Epoch: [1][510/976]	Time  3.834 ( 1.541)	Data  0.000 ( 0.429)	LR 2.2838e-05 (1.8919e-05)	Loss 5.1566e+00 (5.1925e+00)
Epoch: [1][520/976]	Time  1.712 ( 1.539)	Data  1.372 ( 0.427)	LR 2.2992e-05 (1.8996e-05)	Loss 4.9764e+00 (5.1897e+00)
Epoch: [1][530/976]	Time  3.242 ( 1.539)	Data  0.001 ( 0.424)	LR 2.3145e-05 (1.9073e-05)	Loss 4.9991e+00 (5.1868e+00)
Epoch: [1][540/976]	Time  2.644 ( 1.538)	Data  2.285 ( 0.427)	LR 2.3299e-05 (1.9150e-05)	Loss 5.0657e+00 (5.1840e+00)
Epoch: [1][550/976]	Time  2.761 ( 1.538)	Data  0.000 ( 0.427)	LR 2.3453e-05 (1.9226e-05)	Loss 5.0028e+00 (5.1810e+00)
Epoch: [1][560/976]	Time  3.085 ( 1.538)	Data  2.708 ( 0.431)	LR 2.3607e-05 (1.9303e-05)	Loss 5.0062e+00 (5.1778e+00)
Epoch: [1][570/976]	Time  1.874 ( 1.536)	Data  0.000 ( 0.433)	LR 2.3760e-05 (1.9380e-05)	Loss 5.0295e+00 (5.1755e+00)
Epoch: [1][580/976]	Time  3.039 ( 1.536)	Data  2.673 ( 0.440)	LR 2.3914e-05 (1.9457e-05)	Loss 4.9312e+00 (5.1727e+00)
Epoch: [1][590/976]	Time  1.754 ( 1.534)	Data  0.002 ( 0.442)	LR 2.4068e-05 (1.9534e-05)	Loss 5.0019e+00 (5.1695e+00)
Epoch: [1][600/976]	Time  3.515 ( 1.534)	Data  3.164 ( 0.451)	LR 2.4221e-05 (1.9611e-05)	Loss 5.0204e+00 (5.1669e+00)
Epoch: [1][610/976]	Time  1.348 ( 1.532)	Data  0.000 ( 0.455)	LR 2.4375e-05 (1.9688e-05)	Loss 4.9949e+00 (5.1644e+00)
Epoch: [1][620/976]	Time  3.716 ( 1.533)	Data  3.354 ( 0.464)	LR 2.4529e-05 (1.9764e-05)	Loss 5.0260e+00 (5.1614e+00)
Epoch: [1][630/976]	Time  1.514 ( 1.531)	Data  0.000 ( 0.467)	LR 2.4682e-05 (1.9841e-05)	Loss 5.0293e+00 (5.1584e+00)
Epoch: [1][640/976]	Time  3.913 ( 1.532)	Data  3.569 ( 0.476)	LR 2.4836e-05 (1.9918e-05)	Loss 4.9443e+00 (5.1555e+00)
Epoch: [1][650/976]	Time  1.476 ( 1.530)	Data  0.002 ( 0.480)	LR 2.4990e-05 (1.9995e-05)	Loss 4.9557e+00 (5.1524e+00)
Epoch: [1][660/976]	Time  3.261 ( 1.531)	Data  2.898 ( 0.486)	LR 2.5143e-05 (2.0072e-05)	Loss 4.9087e+00 (5.1491e+00)
Epoch: [1][670/976]	Time  2.255 ( 1.530)	Data  0.000 ( 0.487)	LR 2.5297e-05 (2.0149e-05)	Loss 4.9473e+00 (5.1462e+00)
Epoch: [1][680/976]	Time  2.741 ( 1.530)	Data  2.394 ( 0.490)	LR 2.5451e-05 (2.0225e-05)	Loss 4.9711e+00 (5.1435e+00)
Epoch: [1][690/976]	Time  2.221 ( 1.529)	Data  0.000 ( 0.491)	LR 2.5605e-05 (2.0302e-05)	Loss 4.9938e+00 (5.1407e+00)
Epoch: [1][700/976]	Time  2.281 ( 1.528)	Data  1.928 ( 0.493)	LR 2.5758e-05 (2.0379e-05)	Loss 4.9169e+00 (5.1375e+00)
Epoch: [1][710/976]	Time  3.008 ( 1.528)	Data  0.019 ( 0.491)	LR 2.5912e-05 (2.0456e-05)	Loss 5.0080e+00 (5.1348e+00)
Epoch: [1][720/976]	Time  1.861 ( 1.527)	Data  1.498 ( 0.493)	LR 2.6066e-05 (2.0533e-05)	Loss 4.8777e+00 (5.1315e+00)
Epoch: [1][730/976]	Time  1.900 ( 1.527)	Data  0.000 ( 0.494)	LR 2.6219e-05 (2.0610e-05)	Loss 5.0153e+00 (5.1286e+00)
Epoch: [1][740/976]	Time  2.089 ( 1.526)	Data  1.626 ( 0.498)	LR 2.6373e-05 (2.0686e-05)	Loss 4.8590e+00 (5.1254e+00)
Epoch: [1][750/976]	Time  2.040 ( 1.526)	Data  0.001 ( 0.502)	LR 2.6527e-05 (2.0763e-05)	Loss 4.9727e+00 (5.1232e+00)
Epoch: [1][760/976]	Time  1.674 ( 1.525)	Data  1.050 ( 0.503)	LR 2.6680e-05 (2.0840e-05)	Loss 4.8627e+00 (5.1203e+00)
Epoch: [1][770/976]	Time  2.381 ( 1.525)	Data  0.001 ( 0.504)	LR 2.6834e-05 (2.0917e-05)	Loss 4.9296e+00 (5.1173e+00)
Epoch: [1][780/976]	Time  2.623 ( 1.524)	Data  2.247 ( 0.506)	LR 2.6988e-05 (2.0994e-05)	Loss 4.9050e+00 (5.1145e+00)
Epoch: [1][790/976]	Time  2.418 ( 1.524)	Data  0.002 ( 0.506)	LR 2.7141e-05 (2.1071e-05)	Loss 4.8490e+00 (5.1115e+00)
Epoch: [1][800/976]	Time  2.965 ( 1.524)	Data  1.961 ( 0.507)	LR 2.7295e-05 (2.1148e-05)	Loss 4.8565e+00 (5.1085e+00)
Epoch: [1][810/976]	Time  2.082 ( 1.523)	Data  0.000 ( 0.506)	LR 2.7449e-05 (2.1224e-05)	Loss 4.8245e+00 (5.1057e+00)
Epoch: [1][820/976]	Time  3.738 ( 1.524)	Data  1.466 ( 0.506)	LR 2.7602e-05 (2.1301e-05)	Loss 4.8567e+00 (5.1027e+00)
Epoch: [1][830/976]	Time  1.476 ( 1.522)	Data  0.000 ( 0.504)	LR 2.7756e-05 (2.1378e-05)	Loss 4.8939e+00 (5.0999e+00)
Epoch: [1][840/976]	Time  3.237 ( 1.523)	Data  1.145 ( 0.503)	LR 2.7910e-05 (2.1455e-05)	Loss 4.8074e+00 (5.0970e+00)
Epoch: [1][850/976]	Time  1.736 ( 1.522)	Data  0.001 ( 0.501)	LR 2.8064e-05 (2.1532e-05)	Loss 4.8625e+00 (5.0935e+00)
Epoch: [1][860/976]	Time  3.484 ( 1.523)	Data  1.457 ( 0.500)	LR 2.8217e-05 (2.1609e-05)	Loss 4.7341e+00 (5.0904e+00)
Epoch: [1][870/976]	Time  1.597 ( 1.521)	Data  0.001 ( 0.497)	LR 2.8371e-05 (2.1685e-05)	Loss 4.8202e+00 (5.0876e+00)
Epoch: [1][880/976]	Time  3.628 ( 1.522)	Data  1.330 ( 0.496)	LR 2.8525e-05 (2.1762e-05)	Loss 4.8652e+00 (5.0846e+00)
Epoch: [1][890/976]	Time  1.383 ( 1.521)	Data  0.000 ( 0.494)	LR 2.8678e-05 (2.1839e-05)	Loss 4.8222e+00 (5.0820e+00)
Epoch: [1][900/976]	Time  3.548 ( 1.522)	Data  1.309 ( 0.493)	LR 2.8832e-05 (2.1916e-05)	Loss 4.7767e+00 (5.0790e+00)
Epoch: [1][910/976]	Time  0.967 ( 1.520)	Data  0.000 ( 0.491)	LR 2.8986e-05 (2.1993e-05)	Loss 4.8701e+00 (5.0764e+00)
Epoch: [1][920/976]	Time  3.050 ( 1.521)	Data  0.424 ( 0.489)	LR 2.9139e-05 (2.2070e-05)	Loss 4.8080e+00 (5.0736e+00)
Epoch: [1][930/976]	Time  1.175 ( 1.519)	Data  0.000 ( 0.484)	LR 2.9293e-05 (2.2147e-05)	Loss 4.8561e+00 (5.0709e+00)
Epoch: [1][940/976]	Time  2.606 ( 1.521)	Data  0.092 ( 0.479)	LR 2.9447e-05 (2.2223e-05)	Loss 4.8468e+00 (5.0681e+00)
Epoch: [1][950/976]	Time  1.402 ( 1.519)	Data  0.000 ( 0.475)	LR 2.9600e-05 (2.2300e-05)	Loss 4.8337e+00 (5.0654e+00)
Epoch: [1][960/976]	Time  2.811 ( 1.520)	Data  0.223 ( 0.470)	LR 2.9754e-05 (2.2377e-05)	Loss 4.7816e+00 (5.0623e+00)
Epoch: [1][970/976]	Time  1.253 ( 1.519)	Data  0.000 ( 0.467)	LR 2.9908e-05 (2.2454e-05)	Loss 4.7038e+00 (5.0594e+00)
len(train_loader) 976
