***************************************************
You have loaded an anaconda module
***************************************************

JUST LOADING THIS MODULE DOES *NOT* CHANGE THE PYTHON VERSION, NOR ENABLES ANY
EXTRA PYTHON MODULES.

This module makes available the 'conda' command, with which users can create
named anaconda environments and then activate them.

To create and use a customized environment use 'conda create ...' and
then 'conda activate ...' (see example below).

---------------------------------------------------------------------------------------------------
NOTE: NSC strongly advices against placing 'conda activate' (with or without
arguments)
      in your shell initialization files, (e.g. '.bashrc' or '.bash_profile')
since this
      severly alters the environment for running software in ways that cause
unpredictable
      issues that can be difficult to diagnose.
---------------------------------------------------------------------------------------------------

Example usage:

  * Setting up a customized Anaconda environment and run a Python program in
it:

    conda create -n myenv python=3.8 scipy=1.5.2
    conda activate myenv
    python my_scipy_python_program.py

  * To run the python program in the same environment when logging in the next
time:

    conda activate myenv
    python my_scipy_python_program.py

More details on Anaconda environment management here:


https://docs.conda.io/projects/conda/en/latest/user-guide/tasks/manage-environments.html



/home/x_shuji/.conda/envs/data4robotics/lib/python3.9/site-packages/torch/functional.py:504: UserWarning: torch.meshgrid: in an upcoming release, it will be required to pass the indexing argument. (Triggered internally at ../aten/src/ATen/native/TensorShape.cpp:3483.)
  return _VF.meshgrid(tensors, **kwargs)  # type: ignore[attr-defined]
/home/x_shuji/.conda/envs/data4robotics/lib/python3.9/site-packages/torch/functional.py:504: UserWarning: torch.meshgrid: in an upcoming release, it will be required to pass the indexing argument. (Triggered internally at ../aten/src/ATen/native/TensorShape.cpp:3483.)
  return _VF.meshgrid(tensors, **kwargs)  # type: ignore[attr-defined]
/home/x_shuji/.conda/envs/data4robotics/lib/python3.9/site-packages/torch/functional.py:504: UserWarning: torch.meshgrid: in an upcoming release, it will be required to pass the indexing argument. (Triggered internally at ../aten/src/ATen/native/TensorShape.cpp:3483.)
  return _VF.meshgrid(tensors, **kwargs)  # type: ignore[attr-defined]
/home/x_shuji/.conda/envs/data4robotics/lib/python3.9/site-packages/torch/functional.py:504: UserWarning: torch.meshgrid: in an upcoming release, it will be required to pass the indexing argument. (Triggered internally at ../aten/src/ATen/native/TensorShape.cpp:3483.)
  return _VF.meshgrid(tensors, **kwargs)  # type: ignore[attr-defined]
/home/x_shuji/.conda/envs/data4robotics/lib/python3.9/site-packages/torch/functional.py:504: UserWarning: torch.meshgrid: in an upcoming release, it will be required to pass the indexing argument. (Triggered internally at ../aten/src/ATen/native/TensorShape.cpp:3483.)
  return _VF.meshgrid(tensors, **kwargs)  # type: ignore[attr-defined]
/home/x_shuji/.conda/envs/data4robotics/lib/python3.9/site-packages/torch/functional.py:504: UserWarning: torch.meshgrid: in an upcoming release, it will be required to pass the indexing argument. (Triggered internally at ../aten/src/ATen/native/TensorShape.cpp:3483.)
  return _VF.meshgrid(tensors, **kwargs)  # type: ignore[attr-defined]
/home/x_shuji/.conda/envs/data4robotics/lib/python3.9/site-packages/torch/functional.py:504: UserWarning: torch.meshgrid: in an upcoming release, it will be required to pass the indexing argument. (Triggered internally at ../aten/src/ATen/native/TensorShape.cpp:3483.)
  return _VF.meshgrid(tensors, **kwargs)  # type: ignore[attr-defined]
/home/x_shuji/.conda/envs/data4robotics/lib/python3.9/site-packages/torch/functional.py:504: UserWarning: torch.meshgrid: in an upcoming release, it will be required to pass the indexing argument. (Triggered internally at ../aten/src/ATen/native/TensorShape.cpp:3483.)
  return _VF.meshgrid(tensors, **kwargs)  # type: ignore[attr-defined]
wandb: Currently logged in as: shutong-jin1999. Use `wandb login --relogin` to force relogin
wandb: wandb version 0.17.7 is available!  To upgrade, please run:
wandb:  $ pip install wandb --upgrade
wandb: Tracking run with wandb version 0.13.4
wandb: Run data is saved locally in /home/x_shuji/moco-v3/wandb/run-20240819_125201-xixet0ry
wandb: Run `wandb offline` to turn off syncing.
wandb: Syncing run vague-donkey-11
wandb: ⭐️ View project at https://wandb.ai/shutong-jin1999/moco_pretraining
wandb: 🚀 View run at https://wandb.ai/shutong-jin1999/moco_pretraining/runs/xixet0ry
